<?xml version="1.0" encoding="UTF-8"?>
<!-- Generated by org.testng.reporters.JUnitReportReporter -->
<testsuite hostname="Rahul" failures="0" tests="1" name="rahulchoudhary.appium.DragDropDemo" time="6.283" errors="0" timestamp="26 Jul 2023 08:48:54 GMT" skipped="0">
  <testcase classname="rahulchoudhary.appium.DragDropDemo" name="scrollDemoTest" time="6.283"/>
</testsuite> <!-- rahulchoudhary.appium.DragDropDemo -->
