<?xml version="1.0" encoding="UTF-8"?>
<!-- Generated by org.testng.reporters.JUnitReportReporter -->
<testsuite hostname="Rahul" failures="0" tests="1" name="rahulchoudhary.appium.LongPress" time="10.210" errors="0" timestamp="24 Jul 2023 09:11:59 GMT" skipped="0">
  <testcase classname="rahulchoudhary.appium.LongPress" name="longPressGesture" time="10.210"/>
</testsuite> <!-- rahulchoudhary.appium.LongPress -->
