<?xml version="1.0" encoding="UTF-8"?>
<!-- Generated by org.testng.reporters.JUnitReportReporter -->
<testsuite hostname="Rahul" failures="0" tests="1" name="rahulchoudhary.appium.SwipeDemo" time="11.294" errors="0" timestamp="24 Jul 2023 11:59:26 GMT" skipped="0">
  <testcase classname="rahulchoudhary.appium.SwipeDemo" name="scrollDemoTest" time="11.294"/>
</testsuite> <!-- rahulchoudhary.appium.SwipeDemo -->
