<?xml version="1.0" encoding="UTF-8"?>
<!-- Generated by org.testng.reporters.JUnitReportReporter -->
<testsuite hostname="Rahul" failures="0" tests="1" name="rahulchoudhary.appium.ScrollDemo" time="16.641" errors="0" timestamp="24 Jul 2023 09:49:45 GMT" skipped="0">
  <testcase classname="rahulchoudhary.appium.ScrollDemo" name="scrollDemoTest" time="16.641"/>
</testsuite> <!-- rahulchoudhary.appium.ScrollDemo -->
