<?xml version="1.0" encoding="UTF-8"?>
<!-- Generated by org.testng.reporters.JUnitReportReporter -->
<testsuite hostname="Rahul" failures="0" tests="1" name="rahulchoudhary.appium.AppiumBasic" time="11.945" errors="0" timestamp="28 Jul 2023 09:40:48 GMT" skipped="0">
  <testcase classname="rahulchoudhary.appium.AppiumBasic" name="wifiNameSetting" time="11.945"/>
</testsuite> <!-- rahulchoudhary.appium.AppiumBasic -->
