<?xml version="1.0" encoding="UTF-8"?>
<!-- Generated by org.testng.reporters.JUnitReportReporter -->
<testsuite hostname="Rahul" failures="0" tests="1" name="rahulchoudhary.appium.GeneralStore" time="29.457" errors="0" timestamp="05 Aug 2023 14:05:41 GMT" skipped="0">
  <testcase classname="rahulchoudhary.appium.GeneralStore" name="formFillingTestCase_1" time="29.457"/>
</testsuite> <!-- rahulchoudhary.appium.GeneralStore -->
