<?xml version="1.0" encoding="UTF-8"?>
<!-- Generated by org.testng.reporters.JUnitReportReporter -->
<testsuite hostname="Rahul" failures="0" tests="1" name="rahulchoudhary.appium.Assingment1" time="27.923" errors="0" timestamp="26 Jul 2023 09:33:54 GMT" skipped="0">
  <testcase classname="rahulchoudhary.appium.Assingment1" name="scrollDemoTest" time="27.923"/>
</testsuite> <!-- rahulchoudhary.appium.Assingment1 -->
