<?xml version="1.0" encoding="UTF-8"?>
<!-- Generated by org.testng.reporters.JUnitReportReporter -->
<testsuite hostname="Rahul" failures="0" tests="1" name="rahulchoudhary.appium.MiscellanousAppiumActions" time="16.555" errors="0" timestamp="26 Jul 2023 09:55:26 GMT" skipped="0">
  <testcase classname="rahulchoudhary.appium.MiscellanousAppiumActions" name="wifiNameSetting" time="16.555"/>
</testsuite> <!-- rahulchoudhary.appium.MiscellanousAppiumActions -->
